mode: count
Mileyman-API/cmd/server/handlers/get_carrito_by_id/handler.go:23.63,24.30 1 4
Mileyman-API/cmd/server/handlers/get_carrito_by_id/handler.go:24.30,26.17 2 4
Mileyman-API/cmd/server/handlers/get_carrito_by_id/handler.go:26.17,32.4 3 1
Mileyman-API/cmd/server/handlers/get_carrito_by_id/handler.go:34.3,35.17 2 3
Mileyman-API/cmd/server/handlers/get_carrito_by_id/handler.go:35.17,36.22 1 2
Mileyman-API/cmd/server/handlers/get_carrito_by_id/handler.go:37.32,38.45 1 1
Mileyman-API/cmd/server/handlers/get_carrito_by_id/handler.go:39.12,40.56 1 1
Mileyman-API/cmd/server/handlers/get_carrito_by_id/handler.go:42.4,42.10 1 2
Mileyman-API/cmd/server/handlers/get_carrito_by_id/handler.go:44.3,44.31 1 1
Mileyman-API/cmd/server/handlers/get_dulce_by_code/get_dulce_by_code.go:22.56,23.30 1 3
Mileyman-API/cmd/server/handlers/get_dulce_by_code/get_dulce_by_code.go:23.30,26.17 3 3
Mileyman-API/cmd/server/handlers/get_dulce_by_code/get_dulce_by_code.go:26.17,27.22 1 2
Mileyman-API/cmd/server/handlers/get_dulce_by_code/get_dulce_by_code.go:28.32,29.45 1 1
Mileyman-API/cmd/server/handlers/get_dulce_by_code/get_dulce_by_code.go:30.12,31.56 1 1
Mileyman-API/cmd/server/handlers/get_dulce_by_code/get_dulce_by_code.go:33.4,33.10 1 2
Mileyman-API/cmd/server/handlers/get_dulce_by_code/get_dulce_by_code.go:35.3,35.31 1 1
Mileyman-API/cmd/server/handlers/get_filtros/get_filtros.go:19.52,20.30 1 2
Mileyman-API/cmd/server/handlers/get_filtros/get_filtros.go:20.30,22.17 2 2
Mileyman-API/cmd/server/handlers/get_filtros/get_filtros.go:22.17,25.4 2 1
Mileyman-API/cmd/server/handlers/get_filtros/get_filtros.go:26.3,26.31 1 1
Mileyman-API/cmd/server/handlers/ping/ping.go:7.46,8.30 1 1
Mileyman-API/cmd/server/handlers/ping/ping.go:8.30,10.3 1 1
Mileyman-API/internal/repositories/carritos/repository.go:18.88,22.16 3 3
Mileyman-API/internal/repositories/carritos/repository.go:22.16,28.45 2 2
Mileyman-API/internal/repositories/carritos/repository.go:28.45,30.4 1 1
Mileyman-API/internal/repositories/carritos/repository.go:32.3,33.125 2 1
Mileyman-API/internal/repositories/carritos/repository.go:36.2,36.21 1 1
Mileyman-API/internal/repositories/carritos/repository.go:39.146,41.16 2 3
Mileyman-API/internal/repositories/carritos/repository.go:41.16,45.45 2 2
Mileyman-API/internal/repositories/carritos/repository.go:45.45,48.4 2 1
Mileyman-API/internal/repositories/carritos/repository.go:48.9,50.4 1 1
Mileyman-API/internal/repositories/carritos/repository.go:51.3,51.9 1 2
Mileyman-API/internal/repositories/carritos/repository.go:53.2,54.8 2 1
Mileyman-API/internal/repositories/carritos/repository.go:58.87,60.16 2 5
Mileyman-API/internal/repositories/carritos/repository.go:60.16,64.45 2 3
Mileyman-API/internal/repositories/carritos/repository.go:64.45,66.4 1 2
Mileyman-API/internal/repositories/carritos/repository.go:66.9,68.4 1 1
Mileyman-API/internal/repositories/carritos/repository.go:70.2,70.8 1 5
Mileyman-API/internal/repositories/carritos/repository.go:74.90,76.16 2 4
Mileyman-API/internal/repositories/carritos/repository.go:76.16,80.45 2 3
Mileyman-API/internal/repositories/carritos/repository.go:80.45,82.4 1 1
Mileyman-API/internal/repositories/carritos/repository.go:82.9,84.4 1 2
Mileyman-API/internal/repositories/carritos/repository.go:86.2,86.8 1 4
Mileyman-API/internal/repositories/categorias/repository.go:15.75,17.16 2 0
Mileyman-API/internal/repositories/categorias/repository.go:17.16,23.3 2 0
Mileyman-API/internal/repositories/categorias/repository.go:25.2,25.8 1 0
Mileyman-API/internal/repositories/categorias/repository.go:30.105,33.16 2 2
Mileyman-API/internal/repositories/categorias/repository.go:33.16,38.3 2 1
Mileyman-API/internal/repositories/categorias/repository.go:40.2,40.8 1 2
Mileyman-API/internal/repositories/dulces/repository.go:21.91,24.16 2 3
Mileyman-API/internal/repositories/dulces/repository.go:24.16,29.45 2 2
Mileyman-API/internal/repositories/dulces/repository.go:29.45,31.4 1 1
Mileyman-API/internal/repositories/dulces/repository.go:31.9,33.4 1 1
Mileyman-API/internal/repositories/dulces/repository.go:36.2,36.8 1 3
Mileyman-API/internal/repositories/dulces/repository.go:41.91,44.16 2 3
Mileyman-API/internal/repositories/dulces/repository.go:44.16,49.45 2 2
Mileyman-API/internal/repositories/dulces/repository.go:49.45,51.4 1 1
Mileyman-API/internal/repositories/dulces/repository.go:51.9,53.4 1 1
Mileyman-API/internal/repositories/dulces/repository.go:56.2,56.8 1 3
Mileyman-API/internal/repositories/dulces/repository.go:59.98,66.16 3 0
Mileyman-API/internal/repositories/dulces/repository.go:66.16,74.3 2 0
Mileyman-API/internal/repositories/dulces/repository.go:76.2,76.29 1 0
Mileyman-API/internal/repositories/dulces/repository.go:79.74,81.16 2 0
Mileyman-API/internal/repositories/dulces/repository.go:81.16,85.45 2 0
Mileyman-API/internal/repositories/dulces/repository.go:85.45,87.4 1 0
Mileyman-API/internal/repositories/dulces/repository.go:87.9,89.4 1 0
Mileyman-API/internal/repositories/dulces/repository.go:91.2,91.8 1 0
Mileyman-API/internal/repositories/marcas/respository.go:15.67,17.16 2 2
Mileyman-API/internal/repositories/marcas/respository.go:17.16,23.3 2 1
Mileyman-API/internal/repositories/marcas/respository.go:24.2,24.8 1 1
Mileyman-API/internal/repositories/presentaciones/repository.go:14.82,16.16 2 2
Mileyman-API/internal/repositories/presentaciones/repository.go:16.16,22.3 2 1
Mileyman-API/internal/repositories/presentaciones/repository.go:23.2,23.8 1 1
Mileyman-API/internal/use_case/get_carrito_by_id/implementation.go:14.83,16.16 2 6
Mileyman-API/internal/use_case/get_carrito_by_id/implementation.go:16.16,18.3 1 2
Mileyman-API/internal/use_case/get_carrito_by_id/implementation.go:20.2,21.16 2 4
Mileyman-API/internal/use_case/get_carrito_by_id/implementation.go:21.16,23.3 1 1
Mileyman-API/internal/use_case/get_carrito_by_id/implementation.go:25.2,27.46 2 3
Mileyman-API/internal/use_case/get_carrito_by_id/implementation.go:27.46,29.17 2 4
Mileyman-API/internal/use_case/get_carrito_by_id/implementation.go:29.17,31.4 1 1
Mileyman-API/internal/use_case/get_carrito_by_id/implementation.go:33.3,34.17 2 3
Mileyman-API/internal/use_case/get_carrito_by_id/implementation.go:34.17,36.4 1 1
Mileyman-API/internal/use_case/get_carrito_by_id/implementation.go:38.3,41.54 3 2
Mileyman-API/internal/use_case/get_carrito_by_id/implementation.go:44.2,44.61 1 1
Mileyman-API/internal/use_case/get_dulce_by_code/implementation.go:13.82,15.16 2 4
Mileyman-API/internal/use_case/get_dulce_by_code/implementation.go:15.16,17.3 1 2
Mileyman-API/internal/use_case/get_dulce_by_code/implementation.go:18.2,19.16 2 2
Mileyman-API/internal/use_case/get_dulce_by_code/implementation.go:19.16,21.3 1 1
Mileyman-API/internal/use_case/get_dulce_by_code/implementation.go:23.2,25.22 2 1
Mileyman-API/internal/use_case/get_filtros/implementation.go:14.67,16.16 2 4
Mileyman-API/internal/use_case/get_filtros/implementation.go:16.16,18.3 1 1
Mileyman-API/internal/use_case/get_filtros/implementation.go:19.2,20.16 2 3
Mileyman-API/internal/use_case/get_filtros/implementation.go:20.16,22.3 1 1
Mileyman-API/internal/use_case/get_filtros/implementation.go:23.2,24.16 2 2
Mileyman-API/internal/use_case/get_filtros/implementation.go:24.16,26.3 1 1
Mileyman-API/internal/use_case/get_filtros/implementation.go:28.2,32.8 1 1
